2024-12-16T19:09:57.123Z [INFO]: ::ffff:127.0.0.1 - - [16/Dec/2024:19:09:57 +0000] "POST / HTTP/1.1" 404 140 "-" "Thunder Client (https://www.thunderclient.com)"
2024-12-16T19:10:04.364Z [INFO]: ::ffff:127.0.0.1 - - [16/Dec/2024:19:10:04 +0000] "GET / HTTP/1.1" 200 33 "-" "Thunder Client (https://www.thunderclient.com)"
2024-12-16T19:11:03.050Z [INFO]: ::ffff:127.0.0.1 - - [16/Dec/2024:19:11:03 +0000] "POST /api/register HTTP/1.1" 500 38 "-" "Thunder Client (https://www.thunderclient.com)"
2024-12-16T19:16:03.846Z [INFO]: ::ffff:127.0.0.1 - - [16/Dec/2024:19:16:03 +0000] "POST /api/register HTTP/1.1" 200 427 "-" "Thunder Client (https://www.thunderclient.com)"
2024-12-16T19:16:10.945Z [INFO]: ::ffff:127.0.0.1 - - [16/Dec/2024:19:16:10 +0000] "POST /api/register HTTP/1.1" 400 54 "-" "Thunder Client (https://www.thunderclient.com)"
2024-12-16T19:20:33.887Z [INFO]: Server is running on http://localhost:2024
2024-12-16T19:22:11.860Z [INFO]: ::ffff:127.0.0.1 - - [16/Dec/2024:19:22:11 +0000] "POST /api/register HTTP/1.1" 400 54 "-" "Thunder Client (https://www.thunderclient.com)"
2024-12-17T08:48:43.749Z [INFO]: ::ffff:127.0.0.1 - - [17/Dec/2024:08:48:43 +0000] "POST /api/register HTTP/1.1" 400 54 "-" "Thunder Client (https://www.thunderclient.com)"
2024-12-17T08:57:40.964Z [INFO]: ::ffff:127.0.0.1 - - [17/Dec/2024:08:57:40 +0000] "POST /api/register HTTP/1.1" 200 419 "-" "Thunder Client (https://www.thunderclient.com)"
2024-12-17T08:58:33.044Z [INFO]: ::ffff:127.0.0.1 - - [17/Dec/2024:08:58:33 +0000] "POST /api/register HTTP/1.1" 400 50 "-" "Thunder Client (https://www.thunderclient.com)"
2024-12-17T08:58:43.168Z [INFO]: ::ffff:127.0.0.1 - - [17/Dec/2024:08:58:43 +0000] "POST /api/register HTTP/1.1" 200 423 "-" "Thunder Client (https://www.thunderclient.com)"
2024-12-17T08:58:55.909Z [INFO]: ::ffff:127.0.0.1 - - [17/Dec/2024:08:58:55 +0000] "POST /api/register HTTP/1.1" 400 28 "-" "Thunder Client (https://www.thunderclient.com)"
2024-12-17T09:36:31.717Z [INFO]: Request to POST /api/register returned status 400
2024-12-17T09:42:08.694Z [INFO]: Server is running on http://localhost:2024
2024-12-17T09:42:47.076Z [INFO]: Server is running on http://localhost:2024
2024-12-17T09:43:02.959Z [INFO]: Server is running on http://localhost:2024
2024-12-17T09:43:16.275Z [INFO]: Server is running on http://localhost:2024
2024-12-17T09:45:46.094Z [INFO]: Server is running on http://localhost:2024
2024-12-17T09:46:34.921Z [INFO]: Server is running on http://localhost:2024
2024-12-17T09:53:05.203Z [INFO]: Server is running on http://localhost:2024
2024-12-17T09:53:12.124Z [INFO]: Successfully connected to database
2024-12-17T09:55:40.829Z [INFO]: Server is running on http://localhost:2024
2024-12-17T09:55:49.813Z [INFO]: Server is running on http://localhost:2024
2024-12-17T09:55:55.025Z [INFO]: Successfully connected to database
2024-12-17T09:56:02.414Z [INFO]: Server is running on http://localhost:2024
2024-12-17T09:56:06.810Z [INFO]: Successfully connected to database
2024-12-17T09:58:09.738Z [INFO]: Server is running on http://localhost:2024
2024-12-17T09:58:18.141Z [INFO]: Successfully connected to database
2024-12-17T09:58:43.412Z [INFO]: Server is running on http://localhost:2024
2024-12-17T09:58:45.234Z [INFO]: Successfully connected to database
2024-12-17T09:59:04.199Z [INFO]: Server is running on http://localhost:2024
2024-12-17T09:59:10.295Z [INFO]: Successfully connected to database
2024-12-17T09:59:39.207Z [INFO]: Server is running on http://localhost:2024
2024-12-17T09:59:41.057Z [INFO]: Successfully connected to database
2024-12-17T10:00:08.637Z [INFO]: Server is running on http://localhost:2024
2024-12-17T10:00:14.609Z [INFO]: Successfully connected to database
2024-12-17T10:00:29.840Z [INFO]: Server is running on http://localhost:2024
2024-12-17T10:00:31.624Z [INFO]: Successfully connected to database
2024-12-17T10:00:49.016Z [INFO]: Server is running on http://localhost:2024
2024-12-17T10:00:59.999Z [INFO]: Server is running on http://localhost:2024
2024-12-17T10:01:02.562Z [INFO]: Successfully connected to database
2024-12-17T10:01:29.537Z [INFO]: Server is running on http://localhost:2024
2024-12-17T10:01:35.701Z [INFO]: Successfully connected to database
2024-12-17T10:01:46.391Z [INFO]: Server is running on http://localhost:2024
2024-12-17T10:01:48.355Z [INFO]: Successfully connected to database
2024-12-17T10:01:59.195Z [INFO]: Server is running on http://localhost:2024
2024-12-17T10:02:06.477Z [INFO]: Server is running on http://localhost:2024
2024-12-17T10:02:12.516Z [INFO]: Successfully connected to database
2024-12-17T10:03:07.048Z [INFO]: Server is running on http://localhost:2024
2024-12-17T10:03:13.492Z [INFO]: Server is running on http://localhost:2024
2024-12-17T10:03:17.779Z [INFO]: Successfully connected to database
2024-12-17T10:03:47.317Z [INFO]: Server is running on http://localhost:2024
2024-12-17T10:03:53.885Z [INFO]: Server is running on http://localhost:2024
2024-12-17T10:03:55.799Z [INFO]: Successfully connected to database
2024-12-17T10:04:11.426Z [INFO]: Server is running on http://localhost:2024
2024-12-17T10:04:13.350Z [INFO]: Successfully connected to database
2024-12-17T10:04:18.935Z [INFO]: Server is running on http://localhost:2024
2024-12-17T10:04:21.223Z [INFO]: Successfully connected to database
2024-12-17T10:04:38.452Z [INFO]: Server is running on http://localhost:2024
2024-12-17T10:04:47.097Z [INFO]: Server is running on http://localhost:2024
2024-12-17T10:04:51.343Z [INFO]: Successfully connected to database
2024-12-17T10:05:05.059Z [INFO]: Server is running on http://localhost:2024
2024-12-17T10:05:06.983Z [INFO]: Successfully connected to database
2024-12-17T10:05:17.531Z [INFO]: Server is running on http://localhost:2024
2024-12-17T10:05:27.730Z [INFO]: Successfully connected to database
2024-12-17T10:05:32.134Z [INFO]: Server is running on http://localhost:2024
2024-12-17T10:05:33.880Z [INFO]: Successfully connected to database
2024-12-17T10:05:44.614Z [INFO]: Server is running on http://localhost:2024
2024-12-17T10:05:46.540Z [INFO]: Successfully connected to database
2024-12-17T10:05:56.749Z [INFO]: Server is running on http://localhost:2024
2024-12-17T10:06:00.675Z [INFO]: Successfully connected to database
2024-12-17T10:06:20.901Z [INFO]: Server is running on http://localhost:2024
2024-12-17T10:06:25.847Z [INFO]: Successfully connected to database
2024-12-17T10:06:34.228Z [INFO]: Server is running on http://localhost:2024
2024-12-17T10:06:38.762Z [INFO]: Successfully connected to database
2024-12-17T10:06:54.558Z [INFO]: Server is running on http://localhost:2024
2024-12-17T10:06:56.710Z [INFO]: Successfully connected to database
2024-12-17T10:07:05.143Z [INFO]: Server is running on http://localhost:2024
2024-12-17T10:07:09.110Z [INFO]: Successfully connected to database
2024-12-17T10:07:23.090Z [INFO]: Server is running on http://localhost:2024
2024-12-17T10:07:29.949Z [INFO]: Server is running on http://localhost:2024
2024-12-17T10:07:31.648Z [INFO]: Successfully connected to database
2024-12-17T10:07:49.811Z [INFO]: Server is running on http://localhost:2024
2024-12-17T10:08:06.093Z [INFO]: Server is running on http://localhost:2024
2024-12-17T10:08:11.751Z [INFO]: Server is running on http://localhost:2024
2024-12-17T10:08:15.373Z [INFO]: Successfully connected to database
2024-12-17T10:09:07.882Z [INFO]: Server is running on http://localhost:2024
2024-12-17T10:09:14.203Z [INFO]: Server is running on http://localhost:2024
2024-12-17T10:09:30.087Z [INFO]: Server is running on http://localhost:2024
2024-12-17T10:09:31.870Z [INFO]: Successfully connected to database
2024-12-17T10:09:39.958Z [INFO]: Server is running on http://localhost:2024
2024-12-17T10:09:41.791Z [INFO]: Successfully connected to database
2024-12-17T10:09:54.306Z [INFO]: Server is running on http://localhost:2024
2024-12-17T10:10:11.973Z [INFO]: Server is running on http://localhost:2024
2024-12-17T10:10:13.894Z [INFO]: Successfully connected to database
2024-12-17T10:10:39.071Z [INFO]: Server is running on http://localhost:2024
2024-12-17T10:10:46.966Z [INFO]: Successfully connected to database
2024-12-17T10:10:58.176Z [INFO]: Server is running on http://localhost:2024
2024-12-17T10:10:59.988Z [INFO]: Successfully connected to database
2024-12-17T10:11:15.378Z [INFO]: Server is running on http://localhost:2024
2024-12-17T10:11:17.222Z [INFO]: Successfully connected to database
2024-12-17T10:11:26.171Z [INFO]: Server is running on http://localhost:2024
2024-12-17T10:11:31.917Z [INFO]: Successfully connected to database
2024-12-17T10:11:38.419Z [INFO]: Server is running on http://localhost:2024
2024-12-17T10:11:40.292Z [INFO]: Successfully connected to database
2024-12-17T10:11:52.878Z [INFO]: Server is running on http://localhost:2024
2024-12-17T10:11:54.991Z [INFO]: Successfully connected to database
2024-12-17T10:12:15.143Z [INFO]: Server is running on http://localhost:2024
2024-12-17T10:12:20.761Z [INFO]: Server is running on http://localhost:2024
2024-12-17T10:12:26.374Z [INFO]: Server is running on http://localhost:2024
2024-12-17T10:12:28.127Z [INFO]: Successfully connected to database
2024-12-17T10:12:44.444Z [INFO]: Server is running on http://localhost:2024
2024-12-17T10:12:46.241Z [INFO]: Successfully connected to database
2024-12-17T10:12:56.266Z [INFO]: Server is running on http://localhost:2024
2024-12-17T10:13:03.906Z [INFO]: Server is running on http://localhost:2024
2024-12-17T10:13:13.389Z [INFO]: Server is running on http://localhost:2024
2024-12-17T10:13:15.289Z [INFO]: Successfully connected to database
2024-12-17T10:13:20.964Z [INFO]: Server is running on http://localhost:2024
2024-12-17T10:13:22.728Z [INFO]: Successfully connected to database
2024-12-17T10:13:31.954Z [INFO]: Server is running on http://localhost:2024
2024-12-17T10:14:04.460Z [INFO]: Server is running on http://localhost:2024
2024-12-17T10:14:08.341Z [INFO]: Successfully connected to database
2024-12-17T10:14:15.140Z [INFO]: Server is running on http://localhost:2024
2024-12-17T10:14:23.746Z [INFO]: Server is running on http://localhost:2024
2024-12-17T10:14:26.804Z [INFO]: Successfully connected to database
2024-12-17T10:14:33.158Z [INFO]: Server is running on http://localhost:2024
2024-12-17T10:14:41.077Z [INFO]: Server is running on http://localhost:2024
2024-12-17T10:14:42.916Z [INFO]: Successfully connected to database
2024-12-17T10:14:51.047Z [INFO]: Server is running on http://localhost:2024
2024-12-17T10:14:59.637Z [INFO]: Server is running on http://localhost:2024
2024-12-17T10:15:08.305Z [INFO]: Server is running on http://localhost:2024
2024-12-17T10:15:10.275Z [INFO]: Successfully connected to database
2024-12-17T10:15:19.543Z [INFO]: Server is running on http://localhost:2024
2024-12-17T10:15:25.498Z [INFO]: Server is running on http://localhost:2024
2024-12-17T10:15:27.248Z [INFO]: Successfully connected to database
2024-12-17T10:15:41.339Z [INFO]: Server is running on http://localhost:2024
2024-12-17T10:15:52.601Z [INFO]: Server is running on http://localhost:2024
2024-12-17T10:15:58.223Z [INFO]: Server is running on http://localhost:2024
2024-12-17T10:16:08.605Z [INFO]: Server is running on http://localhost:2024
2024-12-17T10:16:16.861Z [INFO]: Server is running on http://localhost:2024
2024-12-17T10:16:22.835Z [INFO]: Successfully connected to database
2024-12-17T10:16:35.798Z [INFO]: Server is running on http://localhost:2024
2024-12-17T10:16:37.515Z [INFO]: Successfully connected to database
2024-12-17T10:17:07.091Z [INFO]: Server is running on http://localhost:2024
2024-12-17T10:17:23.707Z [INFO]: Server is running on http://localhost:2024
2024-12-17T10:17:25.464Z [INFO]: Successfully connected to database
2024-12-17T10:17:45.708Z [INFO]: Server is running on http://localhost:2024
2024-12-17T10:17:50.207Z [INFO]: Successfully connected to database
2024-12-17T10:18:09.160Z [INFO]: Server is running on http://localhost:2024
2024-12-17T10:18:10.941Z [INFO]: Successfully connected to database
2024-12-17T10:18:25.070Z [INFO]: Server is running on http://localhost:2024
2024-12-17T10:18:35.150Z [INFO]: Server is running on http://localhost:2024
2024-12-17T10:18:46.695Z [INFO]: Server is running on http://localhost:2024
2024-12-17T10:18:48.399Z [INFO]: Successfully connected to database
2024-12-17T10:19:00.294Z [INFO]: Server is running on http://localhost:2024
2024-12-17T10:19:02.585Z [INFO]: Successfully connected to database
2024-12-17T10:19:17.106Z [INFO]: Server is running on http://localhost:2024
2024-12-17T10:19:26.995Z [INFO]: Server is running on http://localhost:2024
2024-12-17T10:19:28.750Z [INFO]: Successfully connected to database
2024-12-17T10:19:46.110Z [INFO]: Server is running on http://localhost:2024
2024-12-17T10:19:48.241Z [INFO]: Successfully connected to database
2024-12-17T10:20:02.795Z [INFO]: Server is running on http://localhost:2024
2024-12-17T10:20:09.860Z [INFO]: Server is running on http://localhost:2024
2024-12-17T10:20:24.715Z [INFO]: Server is running on http://localhost:2024
2024-12-17T10:20:26.527Z [INFO]: Successfully connected to database
2024-12-17T10:20:39.360Z [INFO]: Server is running on http://localhost:2024
2024-12-17T10:20:41.054Z [INFO]: Successfully connected to database
2024-12-17T10:20:55.243Z [INFO]: Server is running on http://localhost:2024
2024-12-17T10:21:05.315Z [INFO]: Server is running on http://localhost:2024
2024-12-17T10:21:07.228Z [INFO]: Successfully connected to database
2024-12-17T10:21:19.353Z [INFO]: Server is running on http://localhost:2024
2024-12-17T10:21:29.124Z [INFO]: Server is running on http://localhost:2024
2024-12-17T10:21:31.373Z [INFO]: Successfully connected to database
2024-12-17T10:21:37.703Z [INFO]: Server is running on http://localhost:2024
2024-12-17T10:21:54.195Z [INFO]: Server is running on http://localhost:2024
2024-12-17T10:22:00.745Z [INFO]: Server is running on http://localhost:2024
2024-12-17T10:22:06.526Z [INFO]: Server is running on http://localhost:2024
2024-12-17T10:22:08.373Z [INFO]: Successfully connected to database
2024-12-17T10:22:22.741Z [INFO]: Server is running on http://localhost:2024
2024-12-17T10:22:33.498Z [INFO]: Server is running on http://localhost:2024
2024-12-17T10:22:40.773Z [INFO]: Server is running on http://localhost:2024
2024-12-17T10:22:47.089Z [INFO]: Server is running on http://localhost:2024
2024-12-17T10:22:49.316Z [INFO]: Successfully connected to database
2024-12-17T10:23:07.735Z [INFO]: Server is running on http://localhost:2024
2024-12-17T10:23:13.585Z [INFO]: Successfully connected to database
2024-12-17T10:23:39.843Z [INFO]: Server is running on http://localhost:2024
2024-12-17T10:23:41.869Z [INFO]: Successfully connected to database
2024-12-17T10:23:46.631Z [INFO]: Server is running on http://localhost:2024
2024-12-17T10:23:56.050Z [INFO]: Server is running on http://localhost:2024
2024-12-17T10:23:58.339Z [INFO]: Successfully connected to database
2024-12-17T10:24:06.107Z [INFO]: Server is running on http://localhost:2024
2024-12-17T10:24:14.905Z [INFO]: Server is running on http://localhost:2024
2024-12-17T10:24:16.853Z [INFO]: Successfully connected to database
2024-12-17T10:24:42.399Z [INFO]: Server is running on http://localhost:2024
2024-12-17T10:24:48.499Z [INFO]: Successfully connected to database
2024-12-17T10:24:59.764Z [INFO]: Server is running on http://localhost:2024
2024-12-17T10:25:02.334Z [INFO]: Successfully connected to database
2024-12-17T10:25:07.482Z [INFO]: Server is running on http://localhost:2024
2024-12-17T10:25:09.762Z [INFO]: Successfully connected to database
2024-12-17T10:25:15.056Z [INFO]: Server is running on http://localhost:2024
2024-12-17T10:25:17.261Z [INFO]: Successfully connected to database
2024-12-17T10:25:29.572Z [INFO]: Server is running on http://localhost:2024
2024-12-17T10:25:35.509Z [INFO]: Successfully connected to database
2024-12-17T10:25:39.830Z [INFO]: Server is running on http://localhost:2024
2024-12-17T10:25:41.654Z [INFO]: Successfully connected to database
2024-12-17T10:25:58.762Z [INFO]: ::ffff:127.0.0.1 - - [17/Dec/2024:10:25:58 +0000] "POST /api/register HTTP/1.1" 400 28 "-" "Thunder Client (https://www.thunderclient.com)"
2024-12-17T10:30:02.567Z [INFO]: Server is running on http://localhost:2024
2024-12-17T10:30:11.243Z [INFO]: Successfully connected to database
2024-12-17T10:30:12.094Z [ERROR]: User validation failed: password: Path `password` (`olu`) is shorter than the minimum allowed length (6).
2024-12-17T10:30:12.130Z [INFO]: ::ffff:127.0.0.1 - - [17/Dec/2024:10:30:12 +0000] "POST /api/register HTTP/1.1" 500 117 "-" "Thunder Client (https://www.thunderclient.com)"
2024-12-17T10:30:49.747Z [INFO]: {
  password: '$2b$10$DeIJCP8q0TcXzuOGSmKyuuz75mlo/0iGVwM8xGgqFBbRWLz9OsO5q',
  email: 'olu@yopmal',
  role: 'user',
  isVoted: false,
  resetLinkToken: '',
  isVerified: false,
  _id: new ObjectId('676152d5aea81284f185c88e'),
  createdAt: 2024-12-17T10:30:45.500Z,
  updatedAt: 2024-12-17T10:30:45.876Z,
  otpCode: '327653',
  otpExpirationTime: 2024-12-17T10:35:45.869Z
} OTP successfully sent to olu@yopmal
2024-12-17T10:30:49.752Z [INFO]: ::ffff:127.0.0.1 - - [17/Dec/2024:10:30:49 +0000] "POST /api/register HTTP/1.1" 200 417 "-" "Thunder Client (https://www.thunderclient.com)"
2024-12-17T10:32:26.211Z [INFO]: Server is running on http://localhost:2024
2024-12-17T10:32:32.718Z [INFO]: Successfully connected to database
